# JRE version: OpenJDK Runtime Environment (8.0_202-b03) (build 1.8.0_202-release-1483-b03)
# Java VM: OpenJDK 64-Bit Server VM (25.202-b03 mixed mode windows-amd64 compressed oops)
Heap:
 PSYoungGen      total 81920K, used 37230K [0x00000000d5d80000, 0x00000000dda00000, 0x0000000100000000)
  eden space 66560K, 55% used [0x00000000d5d80000,0x00000000d81dba88,0x00000000d9e80000)
  from space 15360K, 0% used [0x00000000dad00000,0x00000000dad00000,0x00000000dbc00000)
  to   space 14848K, 0% used [0x00000000d9e80000,0x00000000d9e80000,0x00000000dad00000)
 ParOldGen       total 112128K, used 16024K [0x0000000081800000, 0x0000000088580000, 0x00000000d5d80000)
  object space 112128K, 14% used [0x0000000081800000,0x00000000827a6318,0x0000000088580000)
 Metaspace       used 36388K, capacity 36882K, committed 37120K, reserved 1081344K
  class space    used 4660K, capacity 4788K, committed 4864K, reserved 1048576K
GC Heap History (10 events):
Event: 1.438 GC heap before
{Heap before GC invocations=4 (full 1):
 PSYoungGen      total 38400K, used 5092K [0x00000000d5d80000, 0x00000000da880000, 0x0000000100000000)
  eden space 33280K, 0% used [0x00000000d5d80000,0x00000000d5d80000,0x00000000d7e00000)
  from space 5120K, 99% used [0x00000000d7e00000,0x00000000d82f9030,0x00000000d8300000)
  to   space 5120K, 0% used [0x00000000da380000,0x00000000da380000,0x00000000da880000)
 ParOldGen       total 87552K, used 11272K [0x0000000081800000, 0x0000000086d80000, 0x00000000d5d80000)
  object space 87552K, 12% used [0x0000000081800000,0x0000000082302238,0x0000000086d80000)
 Metaspace       used 20771K, capacity 21178K, committed 21296K, reserved 1069056K
  class space    used 2485K, capacity 2661K, committed 2688K, reserved 1048576K
Event: 1.472 GC heap after
Heap after GC invocations=4 (full 1):
 PSYoungGen      total 38400K, used 0K [0x00000000d5d80000, 0x00000000da880000, 0x0000000100000000)
  eden space 33280K, 0% used [0x00000000d5d80000,0x00000000d5d80000,0x00000000d7e00000)
  from space 5120K, 0% used [0x00000000d7e00000,0x00000000d7e00000,0x00000000d8300000)
  to   space 5120K, 0% used [0x00000000da380000,0x00000000da380000,0x00000000da880000)
 ParOldGen       total 67072K, used 8428K [0x0000000081800000, 0x0000000085980000, 0x00000000d5d80000)
  object space 67072K, 12% used [0x0000000081800000,0x000000008203b3d8,0x0000000085980000)
 Metaspace       used 20771K, capacity 21178K, committed 21296K, reserved 1069056K
  class space    used 2485K, capacity 2661K, committed 2688K, reserved 1048576K
}
Event: 1.891 GC heap before
{Heap before GC invocations=5 (full 1):
 PSYoungGen      total 38400K, used 33280K [0x00000000d5d80000, 0x00000000da880000, 0x0000000100000000)
  eden space 33280K, 100% used [0x00000000d5d80000,0x00000000d7e00000,0x00000000d7e00000)
  from space 5120K, 0% used [0x00000000d7e00000,0x00000000d7e00000,0x00000000d8300000)
  to   space 5120K, 0% used [0x00000000da380000,0x00000000da380000,0x00000000da880000)
 ParOldGen       total 67072K, used 8428K [0x0000000081800000, 0x0000000085980000, 0x00000000d5d80000)
  object space 67072K, 12% used [0x0000000081800000,0x000000008203b3d8,0x0000000085980000)
 Metaspace       used 24370K, capacity 24820K, committed 24960K, reserved 1071104K
  class space    used 2922K, capacity 3092K, committed 3200K, reserved 1048576K
Event: 1.897 GC heap after
Heap after GC invocations=5 (full 1):
 PSYoungGen      total 51712K, used 5109K [0x00000000d5d80000, 0x00000000da880000, 0x0000000100000000)
  eden space 46592K, 0% used [0x00000000d5d80000,0x00000000d5d80000,0x00000000d8b00000)
  from space 5120K, 99% used [0x00000000da380000,0x00000000da87d4e0,0x00000000da880000)
  to   space 5120K, 0% used [0x00000000d9e80000,0x00000000d9e80000,0x00000000da380000)
 ParOldGen       total 67072K, used 11218K [0x0000000081800000, 0x0000000085980000, 0x00000000d5d80000)
  object space 67072K, 16% used [0x0000000081800000,0x00000000822f4958,0x0000000085980000)
 Metaspace       used 24370K, capacity 24820K, committed 24960K, reserved 1071104K
  class space    used 2922K, capacity 3092K, committed 3200K, reserved 1048576K
}
Event: 2.532 GC heap before
{Heap before GC invocations=6 (full 1):
 PSYoungGen      total 51712K, used 51701K [0x00000000d5d80000, 0x00000000da880000, 0x0000000100000000)
  eden space 46592K, 100% used [0x00000000d5d80000,0x00000000d8b00000,0x00000000d8b00000)
  from space 5120K, 99% used [0x00000000da380000,0x00000000da87d4e0,0x00000000da880000)
  to   space 5120K, 0% used [0x00000000d9e80000,0x00000000d9e80000,0x00000000da380000)
 ParOldGen       total 67072K, used 11218K [0x0000000081800000, 0x0000000085980000, 0x00000000d5d80000)
  object space 67072K, 16% used [0x0000000081800000,0x00000000822f4958,0x0000000085980000)
 Metaspace       used 32561K, capacity 32996K, committed 33408K, reserved 1079296K
  class space    used 4232K, capacity 4380K, committed 4480K, reserved 1048576K
Event: 2.545 GC heap after
Heap after GC invocations=6 (full 1):
 PSYoungGen      total 71168K, used 5090K [0x00000000d5d80000, 0x00000000dbc00000, 0x0000000100000000)
  eden space 66048K, 0% used [0x00000000d5d80000,0x00000000d5d80000,0x00000000d9e00000)
  from space 5120K, 99% used [0x00000000d9e80000,0x00000000da378918,0x00000000da380000)
  to   space 15360K, 0% used [0x00000000dad00000,0x00000000dad00000,0x00000000dbc00000)
 ParOldGen       total 67072K, used 22300K [0x0000000081800000, 0x0000000085980000, 0x00000000d5d80000)
  object space 67072K, 33% used [0x0000000081800000,0x0000000082dc7268,0x0000000085980000)
 Metaspace       used 32561K, capacity 32996K, committed 33408K, reserved 1079296K
  class space    used 4232K, capacity 4380K, committed 4480K, reserved 1048576K
}
Event: 2.705 GC heap before
{Heap before GC invocations=7 (full 1):
 PSYoungGen      total 71168K, used 17072K [0x00000000d5d80000, 0x00000000dbc00000, 0x0000000100000000)
  eden space 66048K, 18% used [0x00000000d5d80000,0x00000000d69338c8,0x00000000d9e00000)
  from space 5120K, 99% used [0x00000000d9e80000,0x00000000da378918,0x00000000da380000)
  to   space 15360K, 0% used [0x00000000dad00000,0x00000000dad00000,0x00000000dbc00000)
 ParOldGen       total 67072K, used 22300K [0x0000000081800000, 0x0000000085980000, 0x00000000d5d80000)
  object space 67072K, 33% used [0x0000000081800000,0x0000000082dc7268,0x0000000085980000)
 Metaspace       used 34772K, capacity 35266K, committed 35456K, reserved 1079296K
  class space    used 4519K, capacity 4657K, committed 4736K, reserved 1048576K
Event: 2.711 GC heap after
Heap after GC invocations=7 (full 1):
 PSYoungGen      total 81920K, used 7992K [0x00000000d5d80000, 0x00000000dda00000, 0x0000000100000000)
  eden space 66560K, 0% used [0x00000000d5d80000,0x00000000d5d80000,0x00000000d9e80000)
  from space 15360K, 52% used [0x00000000dad00000,0x00000000db4ce170,0x00000000dbc00000)
  to   space 14848K, 0% used [0x00000000d9e80000,0x00000000d9e80000,0x00000000dad00000)
 ParOldGen       total 67072K, used 22308K [0x0000000081800000, 0x0000000085980000, 0x00000000d5d80000)
  object space 67072K, 33% used [0x0000000081800000,0x0000000082dc9268,0x0000000085980000)
 Metaspace       used 34772K, capacity 35266K, committed 35456K, reserved 1079296K
  class space    used 4519K, capacity 4657K, committed 4736K, reserved 1048576K
}
Event: 2.711 GC heap before
{Heap before GC invocations=8 (full 2):
 PSYoungGen      total 81920K, used 7992K [0x00000000d5d80000, 0x00000000dda00000, 0x0000000100000000)
  eden space 66560K, 0% used [0x00000000d5d80000,0x00000000d5d80000,0x00000000d9e80000)
  from space 15360K, 52% used [0x00000000dad00000,0x00000000db4ce170,0x00000000dbc00000)
  to   space 14848K, 0% used [0x00000000d9e80000,0x00000000d9e80000,0x00000000dad00000)
 ParOldGen       total 67072K, used 22308K [0x0000000081800000, 0x0000000085980000, 0x00000000d5d80000)
  object space 67072K, 33% used [0x0000000081800000,0x0000000082dc9268,0x0000000085980000)
 Metaspace       used 34772K, capacity 35266K, committed 35456K, reserved 1079296K
  class space    used 4519K, capacity 4657K, committed 4736K, reserved 1048576K
Event: 2.762 GC heap after
Heap after GC invocations=8 (full 2):
 PSYoungGen      total 81920K, used 0K [0x00000000d5d80000, 0x00000000dda00000, 0x0000000100000000)
  eden space 66560K, 0% used [0x00000000d5d80000,0x00000000d5d80000,0x00000000d9e80000)
  from space 15360K, 0% used [0x00000000dad00000,0x00000000dad00000,0x00000000dbc00000)
  to   space 14848K, 0% used [0x00000000d9e80000,0x00000000d9e80000,0x00000000dad00000)
 ParOldGen       total 112128K, used 16024K [0x0000000081800000, 0x0000000088580000, 0x00000000d5d80000)
  object space 112128K, 14% used [0x0000000081800000,0x00000000827a6318,0x0000000088580000)
 Metaspace       used 34772K, capacity 35266K, committed 35456K, reserved 1079296K
  class space    used 4519K, capacity 4657K, committed 4736K, reserved 1048576K
}

