# JRE version: OpenJDK Runtime Environment (8.0_202-b03) (build 1.8.0_202-release-1483-b03)
# Java VM: OpenJDK 64-Bit Server VM (25.202-b03 mixed mode windows-amd64 compressed oops)
Heap:
 PSYoungGen      total 380928K, used 92066K [0x00000000e0000000, 0x00000000fc780000, 0x0000000100000000)
  eden space 350720K, 20% used [0x00000000e0000000,0x00000000e44934e0,0x00000000f5680000)
  from space 30208K, 72% used [0x00000000f5680000,0x00000000f6bd5520,0x00000000f7400000)
  to   space 31744K, 0% used [0x00000000fa880000,0x00000000fa880000,0x00000000fc780000)
 ParOldGen       total 106496K, used 66295K [0x00000000a0000000, 0x00000000a6800000, 0x00000000e0000000)
  object space 106496K, 62% used [0x00000000a0000000,0x00000000a40bdc90,0x00000000a6800000)
 Metaspace       used 87532K, capacity 92850K, committed 93144K, reserved 1130496K
  class space    used 11519K, capacity 12435K, committed 12544K, reserved 1048576K
GC Heap History (10 events):
Event: 61.581 GC heap before
{Heap before GC invocations=16 (full 3):
 PSYoungGen      total 226304K, used 207360K [0x00000000e0000000, 0x00000000f0780000, 0x0000000100000000)
  eden space 207360K, 100% used [0x00000000e0000000,0x00000000eca80000,0x00000000eca80000)
  from space 18944K, 0% used [0x00000000ede00000,0x00000000ede00000,0x00000000ef080000)
  to   space 19968K, 0% used [0x00000000eca80000,0x00000000eca80000,0x00000000ede00000)
 ParOldGen       total 106496K, used 28544K [0x00000000a0000000, 0x00000000a6800000, 0x00000000e0000000)
  object space 106496K, 26% used [0x00000000a0000000,0x00000000a1be0290,0x00000000a6800000)
 Metaspace       used 68360K, capacity 71334K, committed 71640K, reserved 1112064K
  class space    used 9052K, capacity 9608K, committed 9728K, reserved 1048576K
Event: 61.607 GC heap after
Heap after GC invocations=16 (full 3):
 PSYoungGen      total 227328K, used 17886K [0x00000000e0000000, 0x00000000f4100000, 0x0000000100000000)
  eden space 207360K, 0% used [0x00000000e0000000,0x00000000e0000000,0x00000000eca80000)
  from space 19968K, 89% used [0x00000000eca80000,0x00000000edbf7ad8,0x00000000ede00000)
  to   space 22016K, 0% used [0x00000000f2b80000,0x00000000f2b80000,0x00000000f4100000)
 ParOldGen       total 106496K, used 28552K [0x00000000a0000000, 0x00000000a6800000, 0x00000000e0000000)
  object space 106496K, 26% used [0x00000000a0000000,0x00000000a1be2290,0x00000000a6800000)
 Metaspace       used 68360K, capacity 71334K, committed 71640K, reserved 1112064K
  class space    used 9052K, capacity 9608K, committed 9728K, reserved 1048576K
}
Event: 64.546 GC heap before
{Heap before GC invocations=17 (full 3):
 PSYoungGen      total 227328K, used 225246K [0x00000000e0000000, 0x00000000f4100000, 0x0000000100000000)
  eden space 207360K, 100% used [0x00000000e0000000,0x00000000eca80000,0x00000000eca80000)
  from space 19968K, 89% used [0x00000000eca80000,0x00000000edbf7ad8,0x00000000ede00000)
  to   space 22016K, 0% used [0x00000000f2b80000,0x00000000f2b80000,0x00000000f4100000)
 ParOldGen       total 106496K, used 28552K [0x00000000a0000000, 0x00000000a6800000, 0x00000000e0000000)
  object space 106496K, 26% used [0x00000000a0000000,0x00000000a1be2290,0x00000000a6800000)
 Metaspace       used 72971K, capacity 76384K, committed 76632K, reserved 1116160K
  class space    used 9663K, capacity 10300K, committed 10368K, reserved 1048576K
Event: 64.563 GC heap after
Heap after GC invocations=17 (full 3):
 PSYoungGen      total 294400K, used 15164K [0x00000000e0000000, 0x00000000f3c00000, 0x0000000100000000)
  eden space 277504K, 0% used [0x00000000e0000000,0x00000000e0000000,0x00000000f0f00000)
  from space 16896K, 89% used [0x00000000f2b80000,0x00000000f3a4f1e0,0x00000000f3c00000)
  to   space 23040K, 0% used [0x00000000f0f00000,0x00000000f0f00000,0x00000000f2580000)
 ParOldGen       total 106496K, used 36178K [0x00000000a0000000, 0x00000000a6800000, 0x00000000e0000000)
  object space 106496K, 33% used [0x00000000a0000000,0x00000000a23549e0,0x00000000a6800000)
 Metaspace       used 72971K, capacity 76384K, committed 76632K, reserved 1116160K
  class space    used 9663K, capacity 10300K, committed 10368K, reserved 1048576K
}
Event: 68.955 GC heap before
{Heap before GC invocations=18 (full 3):
 PSYoungGen      total 294400K, used 292668K [0x00000000e0000000, 0x00000000f3c00000, 0x0000000100000000)
  eden space 277504K, 100% used [0x00000000e0000000,0x00000000f0f00000,0x00000000f0f00000)
  from space 16896K, 89% used [0x00000000f2b80000,0x00000000f3a4f1e0,0x00000000f3c00000)
  to   space 23040K, 0% used [0x00000000f0f00000,0x00000000f0f00000,0x00000000f2580000)
 ParOldGen       total 106496K, used 36178K [0x00000000a0000000, 0x00000000a6800000, 0x00000000e0000000)
  object space 106496K, 33% used [0x00000000a0000000,0x00000000a23549e0,0x00000000a6800000)
 Metaspace       used 78491K, capacity 82812K, committed 83160K, reserved 1122304K
  class space    used 10376K, capacity 11151K, committed 11264K, reserved 1048576K
Event: 68.989 GC heap after
Heap after GC invocations=18 (full 3):
 PSYoungGen      total 300544K, used 23028K [0x00000000e0000000, 0x00000000f9f80000, 0x0000000100000000)
  eden space 277504K, 0% used [0x00000000e0000000,0x00000000e0000000,0x00000000f0f00000)
  from space 23040K, 99% used [0x00000000f0f00000,0x00000000f257d280,0x00000000f2580000)
  to   space 31232K, 0% used [0x00000000f8100000,0x00000000f8100000,0x00000000f9f80000)
 ParOldGen       total 106496K, used 49182K [0x00000000a0000000, 0x00000000a6800000, 0x00000000e0000000)
  object space 106496K, 46% used [0x00000000a0000000,0x00000000a3007870,0x00000000a6800000)
 Metaspace       used 78491K, capacity 82812K, committed 83160K, reserved 1122304K
  class space    used 10376K, capacity 11151K, committed 11264K, reserved 1048576K
}
Event: 3495.681 GC heap before
{Heap before GC invocations=19 (full 3):
 PSYoungGen      total 300544K, used 300532K [0x00000000e0000000, 0x00000000f9f80000, 0x0000000100000000)
  eden space 277504K, 100% used [0x00000000e0000000,0x00000000f0f00000,0x00000000f0f00000)
  from space 23040K, 99% used [0x00000000f0f00000,0x00000000f257d280,0x00000000f2580000)
  to   space 31232K, 0% used [0x00000000f8100000,0x00000000f8100000,0x00000000f9f80000)
 ParOldGen       total 106496K, used 49182K [0x00000000a0000000, 0x00000000a6800000, 0x00000000e0000000)
  object space 106496K, 46% used [0x00000000a0000000,0x00000000a3007870,0x00000000a6800000)
 Metaspace       used 84337K, capacity 88952K, committed 89048K, reserved 1126400K
  class space    used 11107K, capacity 11944K, committed 12032K, reserved 1048576K
Event: 3495.738 GC heap after
Heap after GC invocations=19 (full 3):
 PSYoungGen      total 367616K, used 14435K [0x00000000e0000000, 0x00000000f9180000, 0x0000000100000000)
  eden space 350720K, 0% used [0x00000000e0000000,0x00000000e0000000,0x00000000f5680000)
  from space 16896K, 85% used [0x00000000f8100000,0x00000000f8f18c58,0x00000000f9180000)
  to   space 30208K, 0% used [0x00000000f5680000,0x00000000f5680000,0x00000000f7400000)
 ParOldGen       total 106496K, used 66287K [0x00000000a0000000, 0x00000000a6800000, 0x00000000e0000000)
  object space 106496K, 62% used [0x00000000a0000000,0x00000000a40bbc90,0x00000000a6800000)
 Metaspace       used 84337K, capacity 88952K, committed 89048K, reserved 1126400K
  class space    used 11107K, capacity 11944K, committed 12032K, reserved 1048576K
}
Event: 3548.121 GC heap before
{Heap before GC invocations=20 (full 3):
 PSYoungGen      total 367616K, used 365155K [0x00000000e0000000, 0x00000000f9180000, 0x0000000100000000)
  eden space 350720K, 100% used [0x00000000e0000000,0x00000000f5680000,0x00000000f5680000)
  from space 16896K, 85% used [0x00000000f8100000,0x00000000f8f18c58,0x00000000f9180000)
  to   space 30208K, 0% used [0x00000000f5680000,0x00000000f5680000,0x00000000f7400000)
 ParOldGen       total 106496K, used 66287K [0x00000000a0000000, 0x00000000a6800000, 0x00000000e0000000)
  object space 106496K, 62% used [0x00000000a0000000,0x00000000a40bbc90,0x00000000a6800000)
 Metaspace       used 86816K, capacity 92034K, committed 92248K, reserved 1128448K
  class space    used 11433K, capacity 12323K, committed 12416K, reserved 1048576K
Event: 3548.145 GC heap after
Heap after GC invocations=20 (full 3):
 PSYoungGen      total 380928K, used 21845K [0x00000000e0000000, 0x00000000fc780000, 0x0000000100000000)
  eden space 350720K, 0% used [0x00000000e0000000,0x00000000e0000000,0x00000000f5680000)
  from space 30208K, 72% used [0x00000000f5680000,0x00000000f6bd5520,0x00000000f7400000)
  to   space 31744K, 0% used [0x00000000fa880000,0x00000000fa880000,0x00000000fc780000)
 ParOldGen       total 106496K, used 66295K [0x00000000a0000000, 0x00000000a6800000, 0x00000000e0000000)
  object space 106496K, 62% used [0x00000000a0000000,0x00000000a40bdc90,0x00000000a6800000)
 Metaspace       used 86816K, capacity 92034K, committed 92248K, reserved 1128448K
  class space    used 11433K, capacity 12323K, committed 12416K, reserved 1048576K
}

